<?xml version="1.0" encoding="UTF-8"?>
<testsuite xmlns:xsi="http://www.w3.org/2001/XMLSchema-instance" xsi:noNamespaceSchemaLocation="https://maven.apache.org/surefire/maven-surefire-plugin/xsd/surefire-test-report.xsd" version="3.0.2" name="com.duoc.msempleados.MsEmpleadosApplicationTests" time="14.907" tests="1" errors="0" skipped="0" failures="0">
  <properties>
[...]
</properties>
  <testcase name="contextLoads" classname="com.duoc.msempleados.MsEmpleadosApplicationTests" time="0.854">
    <system-out><![CDATA[09:29:58.452 [main] INFO org.springframework.test.context.support.AnnotationConfigContextLoaderUtils -- Could not detect default configuration classes for test class [com.duoc.msempleados.MsEmpleadosApplicationTests]: MsEmpleadosApplicationTests does not declare any static, non-private, non-final, nested classes annotated with @Configuration.
09:29:58.773 [main] INFO org.springframework.boot.test.context.SpringBootTestContextBootstrapper -- Found @SpringBootConfiguration com.duoc.msempleados.MsEmpleadosApplication for test class com.duoc.msempleados.MsEmpleadosApplicationTests
09:29:59.584 [main] INFO org.springframework.boot.devtools.restart.RestartApplicationListener -- Restart disabled due to context in which it is running

  .   ____          _            __ _ _
 /\\ / ___'_ __ _ _(_)_ __  __ _ \ \ \ \
( ( )\___ | '_ | '_| | '_ \/ _` | \ \ \ \
 \\/  ___)| |_)| | | | | || (_| |  ) ) ) )
  '  |____| .__|_| |_|_| |_\__, | / / / /
 =========|_|==============|___/=/_/_/_/

 :: Spring Boot ::                (v3.4.5)

2026-06-10T09:30:01.380-04:00  INFO 29860 --- [ms-empleados] [           main] c.d.m.MsEmpleadosApplicationTests        : Starting MsEmpleadosApplicationTests using Java 24.0.2 with PID 29860 (started by guill in C:\Users\guill\Desktop\semestres\semestre 3\full starck\unidad_3_full starck\sistema_arriendo_vehiculo-main\sistema_arriendo_vehiculo-main\ms-empleados\ms-empleados)
2026-06-10T09:30:01.383-04:00  INFO 29860 --- [ms-empleados] [           main] c.d.m.MsEmpleadosApplicationTests        : No active profile set, falling back to 1 default profile: "default"
2026-06-10T09:30:03.185-04:00  INFO 29860 --- [ms-empleados] [           main] .s.d.r.c.RepositoryConfigurationDelegate : Bootstrapping Spring Data JPA repositories in DEFAULT mode.
2026-06-10T09:30:03.347-04:00  INFO 29860 --- [ms-empleados] [           main] .s.d.r.c.RepositoryConfigurationDelegate : Finished Spring Data repository scanning in 132 ms. Found 1 JPA repository interface.
2026-06-10T09:30:03.654-04:00  INFO 29860 --- [ms-empleados] [           main] o.s.cloud.context.scope.GenericScope     : BeanFactory id=9798939a-f9f8-395e-8ceb-ecf4d20df588
2026-06-10T09:30:04.444-04:00  INFO 29860 --- [ms-empleados] [           main] o.hibernate.jpa.internal.util.LogHelper  : HHH000204: Processing PersistenceUnitInfo [name: default]
2026-06-10T09:30:04.645-04:00  INFO 29860 --- [ms-empleados] [           main] org.hibernate.Version                    : HHH000412: Hibernate ORM core version 6.6.13.Final
2026-06-10T09:30:04.778-04:00  INFO 29860 --- [ms-empleados] [           main] o.h.c.internal.RegionFactoryInitiator    : HHH000026: Second-level cache disabled
2026-06-10T09:30:05.757-04:00  INFO 29860 --- [ms-empleados] [           main] o.s.o.j.p.SpringPersistenceUnitInfo      : No LoadTimeWeaver setup: ignoring JPA class transformer
2026-06-10T09:30:05.830-04:00  INFO 29860 --- [ms-empleados] [           main] com.zaxxer.hikari.HikariDataSource       : HikariPool-1 - Starting...
2026-06-10T09:30:06.196-04:00  INFO 29860 --- [ms-empleados] [           main] com.zaxxer.hikari.pool.HikariPool        : HikariPool-1 - Added connection com.mysql.cj.jdbc.ConnectionImpl@2d4f67e
2026-06-10T09:30:06.201-04:00  INFO 29860 --- [ms-empleados] [           main] com.zaxxer.hikari.HikariDataSource       : HikariPool-1 - Start completed.
2026-06-10T09:30:06.311-04:00  WARN 29860 --- [ms-empleados] [           main] org.hibernate.orm.deprecation            : HHH90000025: MySQLDialect does not need to be specified explicitly using 'hibernate.dialect' (remove the property setting and it will be selected by default)
2026-06-10T09:30:06.349-04:00  INFO 29860 --- [ms-empleados] [           main] org.hibernate.orm.connections.pooling    : HHH10001005: Database info:
	Database JDBC URL [Connecting through datasource 'HikariDataSource (HikariPool-1)']
	Database driver: undefined/unknown
	Database version: 8.4.3
	Autocommit mode: undefined/unknown
	Isolation level: undefined/unknown
	Minimum pool size: undefined/unknown
	Maximum pool size: undefined/unknown
2026-06-10T09:30:08.044-04:00  INFO 29860 --- [ms-empleados] [           main] o.h.e.t.j.p.i.JtaPlatformInitiator       : HHH000489: No JTA platform available (set 'hibernate.transaction.jta.platform' to enable JTA platform integration)
2026-06-10T09:30:08.136-04:00  INFO 29860 --- [ms-empleados] [           main] j.LocalContainerEntityManagerFactoryBean : Initialized JPA EntityManagerFactory for persistence unit 'default'
2026-06-10T09:30:08.866-04:00  INFO 29860 --- [ms-empleados] [           main] o.s.d.j.r.query.QueryEnhancerFactory     : Hibernate is in classpath; If applicable, HQL parser will be used.
2026-06-10T09:30:09.271-04:00  WARN 29860 --- [ms-empleados] [           main] JpaBaseConfiguration$JpaWebConfiguration : spring.jpa.open-in-view is enabled by default. Therefore, database queries may be performed during view rendering. Explicitly configure spring.jpa.open-in-view to disable this warning
2026-06-10T09:30:11.315-04:00  INFO 29860 --- [ms-empleados] [           main] o.s.cloud.commons.util.InetUtils         : Cannot determine local hostname
2026-06-10T09:30:11.448-04:00  INFO 29860 --- [ms-empleados] [           main] c.d.m.MsEmpleadosApplicationTests        : Started MsEmpleadosApplicationTests in 11.915 seconds (process running for 15.043)
Hibernate: 
    select
        count(*) 
    from
        empleados e1_0
2026-06-10T09:30:12.152-04:00  INFO 29860 --- [ms-empleados] [           main] com.duoc.msempleados.runner.DataLoader   : Ya existen empleados registrados, no se cargan datos iniciales
]]></system-out>
    <system-err><![CDATA[Mockito is currently self-attaching to enable the inline-mock-maker. This will no longer work in future releases of the JDK. Please add Mockito as an agent to your build what is described in Mockito's documentation: https://javadoc.io/doc/org.mockito/mockito-core/latest/org/mockito/Mockito.html#0.3
WARNING: A Java agent has been loaded dynamically (C:\Users\guill\.m2\repository\net\bytebuddy\byte-buddy-agent\1.15.11\byte-buddy-agent-1.15.11.jar)
WARNING: If a serviceability tool is in use, please run with -XX:+EnableDynamicAgentLoading to hide this warning
WARNING: If a serviceability tool is not in use, please run with -Djdk.instrument.traceUsage for more information
WARNING: Dynamic loading of agents will be disallowed by default in a future release
]]></system-err>
  </testcase>
</testsuite>