<?xml version="1.0" encoding="UTF-8"?>
<testsuite xmlns:xsi="http://www.w3.org/2001/XMLSchema-instance" xsi:noNamespaceSchemaLocation="https://maven.apache.org/surefire/maven-surefire-plugin/xsd/surefire-test-report.xsd" version="3.0.2" name="com.duoc.ms_reportes.MsReportesApplicationTests" time="16.764" tests="1" errors="0" skipped="0" failures="0">
  <properties>
[...]
</properties>
  <testcase name="contextLoads" classname="com.duoc.ms_reportes.MsReportesApplicationTests" time="0.616">
    <system-out><![CDATA[09:31:21.567 [main] INFO org.springframework.test.context.support.AnnotationConfigContextLoaderUtils -- Could not detect default configuration classes for test class [com.duoc.ms_reportes.MsReportesApplicationTests]: MsReportesApplicationTests does not declare any static, non-private, non-final, nested classes annotated with @Configuration.
09:31:21.877 [main] INFO org.springframework.boot.test.context.SpringBootTestContextBootstrapper -- Found @SpringBootConfiguration com.duoc.ms_reportes.MsReportesApplication for test class com.duoc.ms_reportes.MsReportesApplicationTests
09:31:22.709 [main] INFO org.springframework.boot.devtools.restart.RestartApplicationListener -- Restart disabled due to context in which it is running

  .   ____          _            __ _ _
 /\\ / ___'_ __ _ _(_)_ __  __ _ \ \ \ \
( ( )\___ | '_ | '_| | '_ \/ _` | \ \ \ \
 \\/  ___)| |_)| | | | | || (_| |  ) ) ) )
  '  |____| .__|_| |_|_| |_\__, | / / / /
 =========|_|==============|___/=/_/_/_/

 :: Spring Boot ::                (v3.4.5)

2026-06-10T09:31:24.576-04:00  INFO 27164 --- [ms-reportes] [           main] c.d.m.MsReportesApplicationTests         : Starting MsReportesApplicationTests using Java 24.0.2 with PID 27164 (started by guill in C:\Users\guill\Desktop\semestres\semestre 3\full starck\unidad_3_full starck\sistema_arriendo_vehiculo-main\sistema_arriendo_vehiculo-main\ms-reportes\ms-reportes)
2026-06-10T09:31:24.579-04:00  INFO 27164 --- [ms-reportes] [           main] c.d.m.MsReportesApplicationTests         : No active profile set, falling back to 1 default profile: "default"
2026-06-10T09:31:26.276-04:00  INFO 27164 --- [ms-reportes] [           main] .s.d.r.c.RepositoryConfigurationDelegate : Bootstrapping Spring Data JPA repositories in DEFAULT mode.
2026-06-10T09:31:26.455-04:00  INFO 27164 --- [ms-reportes] [           main] .s.d.r.c.RepositoryConfigurationDelegate : Finished Spring Data repository scanning in 156 ms. Found 1 JPA repository interface.
2026-06-10T09:31:26.835-04:00  INFO 27164 --- [ms-reportes] [           main] o.s.cloud.context.scope.GenericScope     : BeanFactory id=e92bd9e6-415e-382d-9d21-dcb877a74b57
2026-06-10T09:31:27.613-04:00  INFO 27164 --- [ms-reportes] [           main] com.zaxxer.hikari.HikariDataSource       : HikariPool-1 - Starting...
2026-06-10T09:31:28.266-04:00  INFO 27164 --- [ms-reportes] [           main] com.zaxxer.hikari.pool.HikariPool        : HikariPool-1 - Added connection conn0: url=jdbc:h2:mem:reportes_test user=SA
2026-06-10T09:31:28.270-04:00  INFO 27164 --- [ms-reportes] [           main] com.zaxxer.hikari.HikariDataSource       : HikariPool-1 - Start completed.
2026-06-10T09:31:28.420-04:00  INFO 27164 --- [ms-reportes] [           main] liquibase.database                       : Set default schema name to PUBLIC
2026-06-10T09:31:29.563-04:00  INFO 27164 --- [ms-reportes] [           main] liquibase.changelog                      : Creating database history table with name: PUBLIC.DATABASECHANGELOG
2026-06-10T09:31:29.841-04:00  INFO 27164 --- [ms-reportes] [           main] liquibase.changelog                      : Reading from PUBLIC.DATABASECHANGELOG
2026-06-10T09:31:29.936-04:00  INFO 27164 --- [ms-reportes] [           main] liquibase.lockservice                    : Successfully acquired change log lock
2026-06-10T09:31:29.937-04:00  INFO 27164 --- [ms-reportes] [           main] liquibase.command                        : Using deploymentId: 1098289937
2026-06-10T09:31:29.939-04:00  INFO 27164 --- [ms-reportes] [           main] liquibase.changelog                      : Reading from PUBLIC.DATABASECHANGELOG
2026-06-10T09:31:30.065-04:00  INFO 27164 --- [ms-reportes] [           main] liquibase.ui                             : Running Changeset: db/changelog/V1__init.yaml::1::codex
2026-06-10T09:31:30.134-04:00  INFO 27164 --- [ms-reportes] [           main] liquibase.changelog                      : Table reportes created
2026-06-10T09:31:30.135-04:00  INFO 27164 --- [ms-reportes] [           main] liquibase.changelog                      : ChangeSet db/changelog/V1__init.yaml::1::codex ran successfully in 68ms
2026-06-10T09:31:30.153-04:00  INFO 27164 --- [ms-reportes] [           main] liquibase.ui                             : Running Changeset: db/changelog/V2__datos.yaml::2::codex
2026-06-10T09:31:30.157-04:00  INFO 27164 --- [ms-reportes] [           main] liquibase.changelog                      : New row inserted into reportes
2026-06-10T09:31:30.163-04:00  INFO 27164 --- [ms-reportes] [           main] liquibase.changelog                      : New row inserted into reportes
2026-06-10T09:31:30.167-04:00  INFO 27164 --- [ms-reportes] [           main] liquibase.changelog                      : New row inserted into reportes
2026-06-10T09:31:30.168-04:00  INFO 27164 --- [ms-reportes] [           main] liquibase.changelog                      : ChangeSet db/changelog/V2__datos.yaml::2::codex ran successfully in 14ms
2026-06-10T09:31:30.188-04:00  INFO 27164 --- [ms-reportes] [           main] liquibase.util                           : UPDATE SUMMARY
2026-06-10T09:31:30.188-04:00  INFO 27164 --- [ms-reportes] [           main] liquibase.util                           : Run:                          2
2026-06-10T09:31:30.188-04:00  INFO 27164 --- [ms-reportes] [           main] liquibase.util                           : Previously run:               0
2026-06-10T09:31:30.189-04:00  INFO 27164 --- [ms-reportes] [           main] liquibase.util                           : Filtered out:                 0
2026-06-10T09:31:30.189-04:00  INFO 27164 --- [ms-reportes] [           main] liquibase.util                           : -------------------------------
2026-06-10T09:31:30.190-04:00  INFO 27164 --- [ms-reportes] [           main] liquibase.util                           : Total change sets:            2
2026-06-10T09:31:30.194-04:00  INFO 27164 --- [ms-reportes] [           main] liquibase.util                           : Update summary generated
2026-06-10T09:31:30.201-04:00  INFO 27164 --- [ms-reportes] [           main] liquibase.command                        : Update command completed successfully.
2026-06-10T09:31:30.202-04:00  INFO 27164 --- [ms-reportes] [           main] liquibase.ui                             : Liquibase: Update has been successful. Rows affected: 5
2026-06-10T09:31:30.205-04:00  INFO 27164 --- [ms-reportes] [           main] liquibase.lockservice                    : Successfully released change log lock
2026-06-10T09:31:30.207-04:00  INFO 27164 --- [ms-reportes] [           main] liquibase.command                        : Command execution complete
2026-06-10T09:31:30.421-04:00  INFO 27164 --- [ms-reportes] [           main] o.hibernate.jpa.internal.util.LogHelper  : HHH000204: Processing PersistenceUnitInfo [name: default]
2026-06-10T09:31:30.500-04:00  INFO 27164 --- [ms-reportes] [           main] org.hibernate.Version                    : HHH000412: Hibernate ORM core version 6.6.13.Final
2026-06-10T09:31:30.566-04:00  INFO 27164 --- [ms-reportes] [           main] o.h.c.internal.RegionFactoryInitiator    : HHH000026: Second-level cache disabled
2026-06-10T09:31:31.104-04:00  INFO 27164 --- [ms-reportes] [           main] o.s.o.j.p.SpringPersistenceUnitInfo      : No LoadTimeWeaver setup: ignoring JPA class transformer
2026-06-10T09:31:31.219-04:00  WARN 27164 --- [ms-reportes] [           main] org.hibernate.orm.deprecation            : HHH90000025: H2Dialect does not need to be specified explicitly using 'hibernate.dialect' (remove the property setting and it will be selected by default)
2026-06-10T09:31:31.248-04:00  INFO 27164 --- [ms-reportes] [           main] org.hibernate.orm.connections.pooling    : HHH10001005: Database info:
	Database JDBC URL [Connecting through datasource 'HikariDataSource (HikariPool-1)']
	Database driver: undefined/unknown
	Database version: 2.3.232
	Autocommit mode: undefined/unknown
	Isolation level: undefined/unknown
	Minimum pool size: undefined/unknown
	Maximum pool size: undefined/unknown
2026-06-10T09:31:32.809-04:00  INFO 27164 --- [ms-reportes] [           main] o.h.e.t.j.p.i.JtaPlatformInitiator       : HHH000489: No JTA platform available (set 'hibernate.transaction.jta.platform' to enable JTA platform integration)
2026-06-10T09:31:32.818-04:00  INFO 27164 --- [ms-reportes] [           main] j.LocalContainerEntityManagerFactoryBean : Initialized JPA EntityManagerFactory for persistence unit 'default'
2026-06-10T09:31:33.576-04:00  INFO 27164 --- [ms-reportes] [           main] o.s.d.j.r.query.QueryEnhancerFactory     : Hibernate is in classpath; If applicable, HQL parser will be used.
2026-06-10T09:31:34.605-04:00  WARN 27164 --- [ms-reportes] [           main] JpaBaseConfiguration$JpaWebConfiguration : spring.jpa.open-in-view is enabled by default. Therefore, database queries may be performed during view rendering. Explicitly configure spring.jpa.open-in-view to disable this warning
2026-06-10T09:31:37.364-04:00  INFO 27164 --- [ms-reportes] [           main] o.s.cloud.commons.util.InetUtils         : Cannot determine local hostname
2026-06-10T09:31:37.408-04:00  INFO 27164 --- [ms-reportes] [           main] c.d.m.MsReportesApplicationTests         : Started MsReportesApplicationTests in 14.758 seconds (process running for 17.587)
]]></system-out>
    <system-err><![CDATA[Mockito is currently self-attaching to enable the inline-mock-maker. This will no longer work in future releases of the JDK. Please add Mockito as an agent to your build what is described in Mockito's documentation: https://javadoc.io/doc/org.mockito/mockito-core/latest/org/mockito/Mockito.html#0.3
WARNING: A Java agent has been loaded dynamically (C:\Users\guill\.m2\repository\net\bytebuddy\byte-buddy-agent\1.15.11\byte-buddy-agent-1.15.11.jar)
WARNING: If a serviceability tool is in use, please run with -XX:+EnableDynamicAgentLoading to hide this warning
WARNING: If a serviceability tool is not in use, please run with -Djdk.instrument.traceUsage for more information
WARNING: Dynamic loading of agents will be disallowed by default in a future release
]]></system-err>
  </testcase>
</testsuite>